<?xml version="1.0" encoding="UTF-8"?>
<testng-results ignored="0" total="1" passed="1" failed="0" skipped="0">
  <reporter-output>
  </reporter-output>
  <suite started-at="2023-02-28T13:29:56 IST" name="Default suite" finished-at="2023-02-28T13:29:56 IST" duration-ms="62">
    <groups>
    </groups>
    <test started-at="2023-02-28T13:29:56 IST" name="Default test" finished-at="2023-02-28T13:29:56 IST" duration-ms="62">
      <class name="try_catch.NewTest">
        <test-method signature="f()[pri:0, instance:try_catch.NewTest@10163d6]" started-at="2023-02-28T13:29:56 IST" name="f" finished-at="2023-02-28T13:29:56 IST" duration-ms="13" status="PASS">
          <reporter-output>
          </reporter-output>
        </test-method> <!-- f -->
      </class> <!-- try_catch.NewTest -->
    </test> <!-- Default test -->
  </suite> <!-- Default suite -->
</testng-results>
